<?xml version="1.0" encoding="UTF-8"?>
<!-- Generated by org.testng.reporters.JUnitReportReporter -->
<testsuite hostname="Uncodemy" failures="0" tests="3" name="Buildtest" time="0.022" errors="0" timestamp="2023-09-14T14:44:01 IST" skipped="0">
  <testcase classname="Buildtest" name="div" time="0.014"/>
  <testcase classname="Buildtest" name="sum" time="0.005"/>
  <testcase classname="Buildtest" name="multi" time="0.003"/>
</testsuite> <!-- Buildtest -->
